
2026/07/09 14:00:36 [32mC:/Users/elnusaintegrated/simrs-golang/internal/database/database.go:33
[0m[33m[0.523ms] [34;1m[rows:-][0m SELECT DATABASE()

2026/07/09 14:00:36 [32mC:/Users/elnusaintegrated/simrs-golang/internal/database/database.go:33
[0m[33m[1.025ms] [34;1m[rows:1][0m SELECT SCHEMA_NAME from Information_schema.SCHEMATA where SCHEMA_NAME LIKE 'simrs%' ORDER BY SCHEMA_NAME='simrs' DESC,SCHEMA_NAME limit 1

2026/07/09 14:00:36 [32mC:/Users/elnusaintegrated/simrs-golang/internal/database/database.go:33
[0m[33m[0.511ms] [34;1m[rows:-][0m SELECT count(*) FROM information_schema.tables WHERE table_schema = 'simrs' AND table_name = 'users' AND table_type = 'BASE TABLE'

2026/07/09 14:00:36 [32mC:/Users/elnusaintegrated/simrs-golang/internal/database/database.go:33
[0m[33m[0.000ms] [34;1m[rows:-][0m SELECT DATABASE()

2026/07/09 14:00:36 [32mC:/Users/elnusaintegrated/simrs-golang/internal/database/database.go:33
[0m[33m[1.024ms] [34;1m[rows:1][0m SELECT SCHEMA_NAME from Information_schema.SCHEMATA where SCHEMA_NAME LIKE 'simrs%' ORDER BY SCHEMA_NAME='simrs' DESC,SCHEMA_NAME limit 1

2026/07/09 14:00:36 [32mC:/Users/elnusaintegrated/simrs-golang/internal/database/database.go:33
[0m[33m[1.316ms] [34;1m[rows:-][0m SELECT * FROM `users` LIMIT 1

2026/07/09 14:00:36 [32mC:/Users/elnusaintegrated/simrs-golang/internal/database/database.go:33
[0m[33m[18.046ms] [34;1m[rows:-][0m SELECT column_name, column_default, is_nullable = 'YES', data_type, character_maximum_length, column_type, column_key, extra, column_comment, numeric_precision, numeric_scale , datetime_precision FROM information_schema.columns WHERE table_schema = 'simrs' AND table_name = 'users' ORDER BY ORDINAL_POSITION

2026/07/09 14:00:36 [32mC:/Users/elnusaintegrated/simrs-golang/internal/database/database.go:33
[0m[33m[6.506ms] [34;1m[rows:0][0m ALTER TABLE `users` MODIFY COLUMN `is_active` boolean DEFAULT true

2026/07/09 14:00:36 [32mC:/Users/elnusaintegrated/simrs-golang/internal/database/database.go:33
[0m[33m[0.000ms] [34;1m[rows:-][0m SELECT DATABASE()

2026/07/09 14:00:36 [32mC:/Users/elnusaintegrated/simrs-golang/internal/database/database.go:33
[0m[33m[1.049ms] [34;1m[rows:1][0m SELECT SCHEMA_NAME from Information_schema.SCHEMATA where SCHEMA_NAME LIKE 'simrs%' ORDER BY SCHEMA_NAME='simrs' DESC,SCHEMA_NAME limit 1

2026/07/09 14:00:36 [32mC:/Users/elnusaintegrated/simrs-golang/internal/database/database.go:33
[0m[33m[0.604ms] [34;1m[rows:-][0m SELECT count(*) FROM information_schema.statistics WHERE table_schema = 'simrs' AND table_name = 'users' AND index_name = 'idx_users_username'

2026/07/09 14:00:36 [32mC:/Users/elnusaintegrated/simrs-golang/internal/database/database.go:33
[0m[33m[0.000ms] [34;1m[rows:-][0m SELECT DATABASE()

2026/07/09 14:00:36 [32mC:/Users/elnusaintegrated/simrs-golang/internal/database/database.go:33
[0m[33m[1.058ms] [34;1m[rows:1][0m SELECT SCHEMA_NAME from Information_schema.SCHEMATA where SCHEMA_NAME LIKE 'simrs%' ORDER BY SCHEMA_NAME='simrs' DESC,SCHEMA_NAME limit 1

2026/07/09 14:00:36 [32mC:/Users/elnusaintegrated/simrs-golang/internal/database/database.go:33
[0m[33m[0.545ms] [34;1m[rows:-][0m SELECT count(*) FROM information_schema.statistics WHERE table_schema = 'simrs' AND table_name = 'users' AND index_name = 'idx_users_email'

2026/07/09 14:00:36 [32mC:/Users/elnusaintegrated/simrs-golang/internal/database/database.go:33
[0m[33m[0.000ms] [34;1m[rows:-][0m SELECT DATABASE()

2026/07/09 14:00:37 [32mC:/Users/elnusaintegrated/simrs-golang/internal/database/database.go:33
[0m[33m[0.691ms] [34;1m[rows:1][0m SELECT SCHEMA_NAME from Information_schema.SCHEMATA where SCHEMA_NAME LIKE 'simrs%' ORDER BY SCHEMA_NAME='simrs' DESC,SCHEMA_NAME limit 1

2026/07/09 14:00:37 [32mC:/Users/elnusaintegrated/simrs-golang/internal/database/database.go:33
[0m[33m[0.614ms] [34;1m[rows:-][0m SELECT count(*) FROM information_schema.statistics WHERE table_schema = 'simrs' AND table_name = 'users' AND index_name = 'idx_users_deleted_at'

2026/07/09 14:00:37 [32mC:/Users/elnusaintegrated/simrs-golang/internal/database/database.go:33
[0m[33m[0.000ms] [34;1m[rows:-][0m SELECT DATABASE()

2026/07/09 14:00:37 [32mC:/Users/elnusaintegrated/simrs-golang/internal/database/database.go:33
[0m[33m[1.052ms] [34;1m[rows:1][0m SELECT SCHEMA_NAME from Information_schema.SCHEMATA where SCHEMA_NAME LIKE 'simrs%' ORDER BY SCHEMA_NAME='simrs' DESC,SCHEMA_NAME limit 1

2026/07/09 14:00:37 [32mC:/Users/elnusaintegrated/simrs-golang/internal/database/database.go:33
[0m[33m[0.632ms] [34;1m[rows:-][0m SELECT count(*) FROM information_schema.tables WHERE table_schema = 'simrs' AND table_name = 'departments' AND table_type = 'BASE TABLE'

2026/07/09 14:00:37 [32mC:/Users/elnusaintegrated/simrs-golang/internal/database/database.go:33
[0m[33m[0.000ms] [34;1m[rows:-][0m SELECT DATABASE()

2026/07/09 14:00:37 [32mC:/Users/elnusaintegrated/simrs-golang/internal/database/database.go:33
[0m[33m[0.831ms] [34;1m[rows:1][0m SELECT SCHEMA_NAME from Information_schema.SCHEMATA where SCHEMA_NAME LIKE 'simrs%' ORDER BY SCHEMA_NAME='simrs' DESC,SCHEMA_NAME limit 1

2026/07/09 14:00:37 [32mC:/Users/elnusaintegrated/simrs-golang/internal/database/database.go:33
[0m[33m[0.621ms] [34;1m[rows:-][0m SELECT * FROM `departments` LIMIT 1

2026/07/09 14:00:37 [32mC:/Users/elnusaintegrated/simrs-golang/internal/database/database.go:33
[0m[33m[16.025ms] [34;1m[rows:-][0m SELECT column_name, column_default, is_nullable = 'YES', data_type, character_maximum_length, column_type, column_key, extra, column_comment, numeric_precision, numeric_scale , datetime_precision FROM information_schema.columns WHERE table_schema = 'simrs' AND table_name = 'departments' ORDER BY ORDINAL_POSITION

2026/07/09 14:00:37 [32mC:/Users/elnusaintegrated/simrs-golang/internal/database/database.go:33
[0m[33m[0.000ms] [34;1m[rows:-][0m SELECT DATABASE()

2026/07/09 14:00:37 [32mC:/Users/elnusaintegrated/simrs-golang/internal/database/database.go:33
[0m[33m[1.266ms] [34;1m[rows:1][0m SELECT SCHEMA_NAME from Information_schema.SCHEMATA where SCHEMA_NAME LIKE 'simrs%' ORDER BY SCHEMA_NAME='simrs' DESC,SCHEMA_NAME limit 1

2026/07/09 14:00:37 [32mC:/Users/elnusaintegrated/simrs-golang/internal/database/database.go:33
[0m[33m[1.476ms] [34;1m[rows:-][0m SELECT count(*) FROM information_schema.statistics WHERE table_schema = 'simrs' AND table_name = 'departments' AND index_name = 'idx_departments_code'

2026/07/09 14:00:37 [32mC:/Users/elnusaintegrated/simrs-golang/internal/database/database.go:33
[0m[33m[0.000ms] [34;1m[rows:-][0m SELECT DATABASE()

2026/07/09 14:00:37 [32mC:/Users/elnusaintegrated/simrs-golang/internal/database/database.go:33
[0m[33m[0.695ms] [34;1m[rows:1][0m SELECT SCHEMA_NAME from Information_schema.SCHEMATA where SCHEMA_NAME LIKE 'simrs%' ORDER BY SCHEMA_NAME='simrs' DESC,SCHEMA_NAME limit 1

2026/07/09 14:00:37 [32mC:/Users/elnusaintegrated/simrs-golang/internal/database/database.go:33
[0m[33m[0.551ms] [34;1m[rows:-][0m SELECT count(*) FROM information_schema.tables WHERE table_schema = 'simrs' AND table_name = 'doctors' AND table_type = 'BASE TABLE'

2026/07/09 14:00:37 [32mC:/Users/elnusaintegrated/simrs-golang/internal/database/database.go:33
[0m[33m[0.000ms] [34;1m[rows:-][0m SELECT DATABASE()

2026/07/09 14:00:37 [32mC:/Users/elnusaintegrated/simrs-golang/internal/database/database.go:33
[0m[33m[0.720ms] [34;1m[rows:1][0m SELECT SCHEMA_NAME from Information_schema.SCHEMATA where SCHEMA_NAME LIKE 'simrs%' ORDER BY SCHEMA_NAME='simrs' DESC,SCHEMA_NAME limit 1

2026/07/09 14:00:37 [32mC:/Users/elnusaintegrated/simrs-golang/internal/database/database.go:33
[0m[33m[0.514ms] [34;1m[rows:-][0m SELECT * FROM `doctors` LIMIT 1

2026/07/09 14:00:37 [32mC:/Users/elnusaintegrated/simrs-golang/internal/database/database.go:33
[0m[33m[5.021ms] [34;1m[rows:-][0m SELECT column_name, column_default, is_nullable = 'YES', data_type, character_maximum_length, column_type, column_key, extra, column_comment, numeric_precision, numeric_scale , datetime_precision FROM information_schema.columns WHERE table_schema = 'simrs' AND table_name = 'doctors' ORDER BY ORDINAL_POSITION

2026/07/09 14:00:37 [32mC:/Users/elnusaintegrated/simrs-golang/internal/database/database.go:33
[0m[33m[5.507ms] [34;1m[rows:0][0m ALTER TABLE `doctors` MODIFY COLUMN `is_available` boolean DEFAULT true

2026/07/09 14:00:37 [32mC:/Users/elnusaintegrated/simrs-golang/internal/database/database.go:33
[0m[33m[1.000ms] [34;1m[rows:-][0m SELECT DATABASE()

2026/07/09 14:00:37 [32mC:/Users/elnusaintegrated/simrs-golang/internal/database/database.go:33
[0m[33m[1.509ms] [34;1m[rows:1][0m SELECT SCHEMA_NAME from Information_schema.SCHEMATA where SCHEMA_NAME LIKE 'simrs%' ORDER BY SCHEMA_NAME='simrs' DESC,SCHEMA_NAME limit 1

2026/07/09 14:00:37 [32mC:/Users/elnusaintegrated/simrs-golang/internal/database/database.go:33 [33mSLOW SQL >= 200ms
[0m[31;1m[336.632ms] [33m[rows:-][35m SELECT count(*) FROM INFORMATION_SCHEMA.table_constraints WHERE constraint_schema = 'simrs' AND table_name = 'doctors' AND constraint_name = 'fk_doctors_user'[0m

2026/07/09 14:00:37 [32mC:/Users/elnusaintegrated/simrs-golang/internal/database/database.go:33
[0m[33m[0.513ms] [34;1m[rows:-][0m SELECT DATABASE()

2026/07/09 14:00:37 [32mC:/Users/elnusaintegrated/simrs-golang/internal/database/database.go:33
[0m[33m[1.978ms] [34;1m[rows:1][0m SELECT SCHEMA_NAME from Information_schema.SCHEMATA where SCHEMA_NAME LIKE 'simrs%' ORDER BY SCHEMA_NAME='simrs' DESC,SCHEMA_NAME limit 1

2026/07/09 14:00:37 [32mC:/Users/elnusaintegrated/simrs-golang/internal/database/database.go:33
[0m[33m[1.232ms] [34;1m[rows:-][0m SELECT count(*) FROM INFORMATION_SCHEMA.table_constraints WHERE constraint_schema = 'simrs' AND table_name = 'doctors' AND constraint_name = 'fk_doctors_department'

2026/07/09 14:00:37 [32mC:/Users/elnusaintegrated/simrs-golang/internal/database/database.go:33
[0m[33m[0.000ms] [34;1m[rows:-][0m SELECT DATABASE()

2026/07/09 14:00:37 [32mC:/Users/elnusaintegrated/simrs-golang/internal/database/database.go:33
[0m[33m[1.002ms] [34;1m[rows:1][0m SELECT SCHEMA_NAME from Information_schema.SCHEMATA where SCHEMA_NAME LIKE 'simrs%' ORDER BY SCHEMA_NAME='simrs' DESC,SCHEMA_NAME limit 1

2026/07/09 14:00:37 [32mC:/Users/elnusaintegrated/simrs-golang/internal/database/database.go:33
[0m[33m[0.997ms] [34;1m[rows:-][0m SELECT count(*) FROM information_schema.statistics WHERE table_schema = 'simrs' AND table_name = 'doctors' AND index_name = 'idx_doctors_license_number'

2026/07/09 14:00:37 [32mC:/Users/elnusaintegrated/simrs-golang/internal/database/database.go:33
[0m[33m[0.000ms] [34;1m[rows:-][0m SELECT DATABASE()

2026/07/09 14:00:37 [32mC:/Users/elnusaintegrated/simrs-golang/internal/database/database.go:33
[0m[33m[0.000ms] [34;1m[rows:1][0m SELECT SCHEMA_NAME from Information_schema.SCHEMATA where SCHEMA_NAME LIKE 'simrs%' ORDER BY SCHEMA_NAME='simrs' DESC,SCHEMA_NAME limit 1

2026/07/09 14:00:37 [32mC:/Users/elnusaintegrated/simrs-golang/internal/database/database.go:33
[0m[33m[0.000ms] [34;1m[rows:-][0m SELECT count(*) FROM information_schema.statistics WHERE table_schema = 'simrs' AND table_name = 'doctors' AND index_name = 'idx_doctors_user_id'

2026/07/09 14:00:37 [32mC:/Users/elnusaintegrated/simrs-golang/internal/database/database.go:33
[0m[33m[0.000ms] [34;1m[rows:-][0m SELECT DATABASE()

2026/07/09 14:00:37 [32mC:/Users/elnusaintegrated/simrs-golang/internal/database/database.go:33
[0m[33m[0.000ms] [34;1m[rows:1][0m SELECT SCHEMA_NAME from Information_schema.SCHEMATA where SCHEMA_NAME LIKE 'simrs%' ORDER BY SCHEMA_NAME='simrs' DESC,SCHEMA_NAME limit 1

2026/07/09 14:00:37 [32mC:/Users/elnusaintegrated/simrs-golang/internal/database/database.go:33
[0m[33m[1.815ms] [34;1m[rows:-][0m SELECT count(*) FROM information_schema.tables WHERE table_schema = 'simrs' AND table_name = 'doctor_schedules' AND table_type = 'BASE TABLE'

2026/07/09 14:00:37 [32mC:/Users/elnusaintegrated/simrs-golang/internal/database/database.go:33
[0m[33m[0.531ms] [34;1m[rows:-][0m SELECT DATABASE()

2026/07/09 14:00:37 [32mC:/Users/elnusaintegrated/simrs-golang/internal/database/database.go:33
[0m[33m[1.034ms] [34;1m[rows:1][0m SELECT SCHEMA_NAME from Information_schema.SCHEMATA where SCHEMA_NAME LIKE 'simrs%' ORDER BY SCHEMA_NAME='simrs' DESC,SCHEMA_NAME limit 1

2026/07/09 14:00:37 [32mC:/Users/elnusaintegrated/simrs-golang/internal/database/database.go:33
[0m[33m[2.144ms] [34;1m[rows:-][0m SELECT * FROM `doctor_schedules` LIMIT 1

2026/07/09 14:00:37 [32mC:/Users/elnusaintegrated/simrs-golang/internal/database/database.go:33
[0m[33m[5.169ms] [34;1m[rows:-][0m SELECT column_name, column_default, is_nullable = 'YES', data_type, character_maximum_length, column_type, column_key, extra, column_comment, numeric_precision, numeric_scale , datetime_precision FROM information_schema.columns WHERE table_schema = 'simrs' AND table_name = 'doctor_schedules' ORDER BY ORDINAL_POSITION

2026/07/09 14:00:37 [32mC:/Users/elnusaintegrated/simrs-golang/internal/database/database.go:33
[0m[33m[4.508ms] [34;1m[rows:0][0m ALTER TABLE `doctor_schedules` MODIFY COLUMN `is_active` boolean DEFAULT true

2026/07/09 14:00:37 [32mC:/Users/elnusaintegrated/simrs-golang/internal/database/database.go:33
[0m[33m[0.511ms] [34;1m[rows:-][0m SELECT DATABASE()

2026/07/09 14:00:37 [32mC:/Users/elnusaintegrated/simrs-golang/internal/database/database.go:33
[0m[33m[1.267ms] [34;1m[rows:1][0m SELECT SCHEMA_NAME from Information_schema.SCHEMATA where SCHEMA_NAME LIKE 'simrs%' ORDER BY SCHEMA_NAME='simrs' DESC,SCHEMA_NAME limit 1

2026/07/09 14:00:37 [32mC:/Users/elnusaintegrated/simrs-golang/internal/database/database.go:33
[0m[33m[1.132ms] [34;1m[rows:-][0m SELECT count(*) FROM INFORMATION_SCHEMA.table_constraints WHERE constraint_schema = 'simrs' AND table_name = 'doctor_schedules' AND constraint_name = 'fk_doctor_schedules_doctor'

2026/07/09 14:00:37 [32mC:/Users/elnusaintegrated/simrs-golang/internal/database/database.go:33
[0m[33m[0.511ms] [34;1m[rows:-][0m SELECT DATABASE()

2026/07/09 14:00:37 [32mC:/Users/elnusaintegrated/simrs-golang/internal/database/database.go:33
[0m[33m[1.209ms] [34;1m[rows:1][0m SELECT SCHEMA_NAME from Information_schema.SCHEMATA where SCHEMA_NAME LIKE 'simrs%' ORDER BY SCHEMA_NAME='simrs' DESC,SCHEMA_NAME limit 1

2026/07/09 14:00:37 [32mC:/Users/elnusaintegrated/simrs-golang/internal/database/database.go:33
[0m[33m[0.632ms] [34;1m[rows:-][0m SELECT count(*) FROM information_schema.statistics WHERE table_schema = 'simrs' AND table_name = 'doctor_schedules' AND index_name = 'idx_doctor_schedules_doctor_id'

2026/07/09 14:00:37 [32mC:/Users/elnusaintegrated/simrs-golang/internal/database/database.go:33
[0m[33m[0.000ms] [34;1m[rows:-][0m SELECT DATABASE()

2026/07/09 14:00:37 [32mC:/Users/elnusaintegrated/simrs-golang/internal/database/database.go:33
[0m[33m[1.079ms] [34;1m[rows:1][0m SELECT SCHEMA_NAME from Information_schema.SCHEMATA where SCHEMA_NAME LIKE 'simrs%' ORDER BY SCHEMA_NAME='simrs' DESC,SCHEMA_NAME limit 1

2026/07/09 14:00:37 [32mC:/Users/elnusaintegrated/simrs-golang/internal/database/database.go:33
[0m[33m[0.600ms] [34;1m[rows:-][0m SELECT count(*) FROM information_schema.tables WHERE table_schema = 'simrs' AND table_name = 'patients' AND table_type = 'BASE TABLE'

2026/07/09 14:00:37 [32mC:/Users/elnusaintegrated/simrs-golang/internal/database/database.go:33
[0m[33m[0.000ms] [34;1m[rows:-][0m SELECT DATABASE()

2026/07/09 14:00:37 [32mC:/Users/elnusaintegrated/simrs-golang/internal/database/database.go:33
[0m[33m[0.890ms] [34;1m[rows:1][0m SELECT SCHEMA_NAME from Information_schema.SCHEMATA where SCHEMA_NAME LIKE 'simrs%' ORDER BY SCHEMA_NAME='simrs' DESC,SCHEMA_NAME limit 1

2026/07/09 14:00:37 [32mC:/Users/elnusaintegrated/simrs-golang/internal/database/database.go:33
[0m[33m[0.512ms] [34;1m[rows:-][0m SELECT * FROM `patients` LIMIT 1

2026/07/09 14:00:37 [32mC:/Users/elnusaintegrated/simrs-golang/internal/database/database.go:33
[0m[33m[14.199ms] [34;1m[rows:-][0m SELECT column_name, column_default, is_nullable = 'YES', data_type, character_maximum_length, column_type, column_key, extra, column_comment, numeric_precision, numeric_scale , datetime_precision FROM information_schema.columns WHERE table_schema = 'simrs' AND table_name = 'patients' ORDER BY ORDINAL_POSITION

2026/07/09 14:00:37 [32mC:/Users/elnusaintegrated/simrs-golang/internal/database/database.go:33
[0m[33m[0.000ms] [34;1m[rows:-][0m SELECT DATABASE()

2026/07/09 14:00:37 [32mC:/Users/elnusaintegrated/simrs-golang/internal/database/database.go:33
[0m[33m[1.238ms] [34;1m[rows:1][0m SELECT SCHEMA_NAME from Information_schema.SCHEMATA where SCHEMA_NAME LIKE 'simrs%' ORDER BY SCHEMA_NAME='simrs' DESC,SCHEMA_NAME limit 1

2026/07/09 14:00:37 [32mC:/Users/elnusaintegrated/simrs-golang/internal/database/database.go:33
[0m[33m[1.524ms] [34;1m[rows:-][0m SELECT count(*) FROM information_schema.statistics WHERE table_schema = 'simrs' AND table_name = 'patients' AND index_name = 'idx_patients_nik'

2026/07/09 14:00:37 [32mC:/Users/elnusaintegrated/simrs-golang/internal/database/database.go:33
[0m[33m[1.510ms] [34;1m[rows:-][0m SELECT DATABASE()

2026/07/09 14:00:37 [32mC:/Users/elnusaintegrated/simrs-golang/internal/database/database.go:33
[0m[33m[3.508ms] [34;1m[rows:1][0m SELECT SCHEMA_NAME from Information_schema.SCHEMATA where SCHEMA_NAME LIKE 'simrs%' ORDER BY SCHEMA_NAME='simrs' DESC,SCHEMA_NAME limit 1

2026/07/09 14:00:37 [32mC:/Users/elnusaintegrated/simrs-golang/internal/database/database.go:33
[0m[33m[0.000ms] [34;1m[rows:-][0m SELECT count(*) FROM information_schema.statistics WHERE table_schema = 'simrs' AND table_name = 'patients' AND index_name = 'idx_patients_medical_record_number'

2026/07/09 14:00:37 [32mC:/Users/elnusaintegrated/simrs-golang/internal/database/database.go:33
[0m[33m[0.000ms] [34;1m[rows:-][0m SELECT DATABASE()

2026/07/09 14:00:37 [32mC:/Users/elnusaintegrated/simrs-golang/internal/database/database.go:33
[0m[33m[0.998ms] [34;1m[rows:1][0m SELECT SCHEMA_NAME from Information_schema.SCHEMATA where SCHEMA_NAME LIKE 'simrs%' ORDER BY SCHEMA_NAME='simrs' DESC,SCHEMA_NAME limit 1

2026/07/09 14:00:37 [32mC:/Users/elnusaintegrated/simrs-golang/internal/database/database.go:33
[0m[33m[0.998ms] [34;1m[rows:-][0m SELECT count(*) FROM information_schema.tables WHERE table_schema = 'simrs' AND table_name = 'appointments' AND table_type = 'BASE TABLE'

2026/07/09 14:00:37 [32mC:/Users/elnusaintegrated/simrs-golang/internal/database/database.go:33
[0m[33m[0.000ms] [34;1m[rows:-][0m SELECT DATABASE()

2026/07/09 14:00:37 [32mC:/Users/elnusaintegrated/simrs-golang/internal/database/database.go:33
[0m[33m[1.000ms] [34;1m[rows:1][0m SELECT SCHEMA_NAME from Information_schema.SCHEMATA where SCHEMA_NAME LIKE 'simrs%' ORDER BY SCHEMA_NAME='simrs' DESC,SCHEMA_NAME limit 1

2026/07/09 14:00:37 [32mC:/Users/elnusaintegrated/simrs-golang/internal/database/database.go:33
[0m[33m[1.000ms] [34;1m[rows:-][0m SELECT * FROM `appointments` LIMIT 1

2026/07/09 14:00:37 [32mC:/Users/elnusaintegrated/simrs-golang/internal/database/database.go:33
[0m[33m[4.736ms] [34;1m[rows:-][0m SELECT column_name, column_default, is_nullable = 'YES', data_type, character_maximum_length, column_type, column_key, extra, column_comment, numeric_precision, numeric_scale , datetime_precision FROM information_schema.columns WHERE table_schema = 'simrs' AND table_name = 'appointments' ORDER BY ORDINAL_POSITION

2026/07/09 14:00:37 [32mC:/Users/elnusaintegrated/simrs-golang/internal/database/database.go:33
[0m[33m[0.000ms] [34;1m[rows:-][0m SELECT DATABASE()

2026/07/09 14:00:37 [32mC:/Users/elnusaintegrated/simrs-golang/internal/database/database.go:33
[0m[33m[0.947ms] [34;1m[rows:1][0m SELECT SCHEMA_NAME from Information_schema.SCHEMATA where SCHEMA_NAME LIKE 'simrs%' ORDER BY SCHEMA_NAME='simrs' DESC,SCHEMA_NAME limit 1

2026/07/09 14:00:37 [32mC:/Users/elnusaintegrated/simrs-golang/internal/database/database.go:33
[0m[33m[1.472ms] [34;1m[rows:-][0m SELECT count(*) FROM INFORMATION_SCHEMA.table_constraints WHERE constraint_schema = 'simrs' AND table_name = 'appointments' AND constraint_name = 'fk_appointments_patient'

2026/07/09 14:00:37 [32mC:/Users/elnusaintegrated/simrs-golang/internal/database/database.go:33
[0m[33m[0.510ms] [34;1m[rows:-][0m SELECT DATABASE()

2026/07/09 14:00:37 [32mC:/Users/elnusaintegrated/simrs-golang/internal/database/database.go:33
[0m[33m[0.763ms] [34;1m[rows:1][0m SELECT SCHEMA_NAME from Information_schema.SCHEMATA where SCHEMA_NAME LIKE 'simrs%' ORDER BY SCHEMA_NAME='simrs' DESC,SCHEMA_NAME limit 1

2026/07/09 14:00:37 [32mC:/Users/elnusaintegrated/simrs-golang/internal/database/database.go:33
[0m[33m[1.695ms] [34;1m[rows:-][0m SELECT count(*) FROM INFORMATION_SCHEMA.table_constraints WHERE constraint_schema = 'simrs' AND table_name = 'appointments' AND constraint_name = 'fk_appointments_doctor'

2026/07/09 14:00:37 [32mC:/Users/elnusaintegrated/simrs-golang/internal/database/database.go:33
[0m[33m[0.000ms] [34;1m[rows:-][0m SELECT DATABASE()

2026/07/09 14:00:37 [32mC:/Users/elnusaintegrated/simrs-golang/internal/database/database.go:33
[0m[33m[1.045ms] [34;1m[rows:1][0m SELECT SCHEMA_NAME from Information_schema.SCHEMATA where SCHEMA_NAME LIKE 'simrs%' ORDER BY SCHEMA_NAME='simrs' DESC,SCHEMA_NAME limit 1

2026/07/09 14:00:37 [32mC:/Users/elnusaintegrated/simrs-golang/internal/database/database.go:33
[0m[33m[0.537ms] [34;1m[rows:-][0m SELECT count(*) FROM information_schema.statistics WHERE table_schema = 'simrs' AND table_name = 'appointments' AND index_name = 'idx_appointments_patient_id'

2026/07/09 14:00:37 [32mC:/Users/elnusaintegrated/simrs-golang/internal/database/database.go:33
[0m[33m[0.042ms] [34;1m[rows:-][0m SELECT DATABASE()

2026/07/09 14:00:37 [32mC:/Users/elnusaintegrated/simrs-golang/internal/database/database.go:33
[0m[33m[1.113ms] [34;1m[rows:1][0m SELECT SCHEMA_NAME from Information_schema.SCHEMATA where SCHEMA_NAME LIKE 'simrs%' ORDER BY SCHEMA_NAME='simrs' DESC,SCHEMA_NAME limit 1

2026/07/09 14:00:37 [32mC:/Users/elnusaintegrated/simrs-golang/internal/database/database.go:33
[0m[33m[0.743ms] [34;1m[rows:-][0m SELECT count(*) FROM information_schema.statistics WHERE table_schema = 'simrs' AND table_name = 'appointments' AND index_name = 'idx_appointments_doctor_id'

2026/07/09 14:00:37 [32mC:/Users/elnusaintegrated/simrs-golang/internal/database/database.go:33
[0m[33m[0.000ms] [34;1m[rows:-][0m SELECT DATABASE()

2026/07/09 14:00:37 [32mC:/Users/elnusaintegrated/simrs-golang/internal/database/database.go:33
[0m[33m[1.006ms] [34;1m[rows:1][0m SELECT SCHEMA_NAME from Information_schema.SCHEMATA where SCHEMA_NAME LIKE 'simrs%' ORDER BY SCHEMA_NAME='simrs' DESC,SCHEMA_NAME limit 1

2026/07/09 14:00:37 [32mC:/Users/elnusaintegrated/simrs-golang/internal/database/database.go:33
[0m[33m[1.265ms] [34;1m[rows:-][0m SELECT count(*) FROM information_schema.tables WHERE table_schema = 'simrs' AND table_name = 'medical_records' AND table_type = 'BASE TABLE'

2026/07/09 14:00:37 [32mC:/Users/elnusaintegrated/simrs-golang/internal/database/database.go:33
[0m[33m[0.505ms] [34;1m[rows:-][0m SELECT DATABASE()

2026/07/09 14:00:37 [32mC:/Users/elnusaintegrated/simrs-golang/internal/database/database.go:33
[0m[33m[1.103ms] [34;1m[rows:1][0m SELECT SCHEMA_NAME from Information_schema.SCHEMATA where SCHEMA_NAME LIKE 'simrs%' ORDER BY SCHEMA_NAME='simrs' DESC,SCHEMA_NAME limit 1

2026/07/09 14:00:37 [32mC:/Users/elnusaintegrated/simrs-golang/internal/database/database.go:33
[0m[33m[0.515ms] [34;1m[rows:-][0m SELECT * FROM `medical_records` LIMIT 1

2026/07/09 14:00:37 [32mC:/Users/elnusaintegrated/simrs-golang/internal/database/database.go:33
[0m[33m[6.508ms] [34;1m[rows:-][0m SELECT column_name, column_default, is_nullable = 'YES', data_type, character_maximum_length, column_type, column_key, extra, column_comment, numeric_precision, numeric_scale , datetime_precision FROM information_schema.columns WHERE table_schema = 'simrs' AND table_name = 'medical_records' ORDER BY ORDINAL_POSITION

2026/07/09 14:00:37 [32mC:/Users/elnusaintegrated/simrs-golang/internal/database/database.go:33
[0m[33m[1.000ms] [34;1m[rows:-][0m SELECT DATABASE()

2026/07/09 14:00:37 [32mC:/Users/elnusaintegrated/simrs-golang/internal/database/database.go:33
[0m[33m[0.511ms] [34;1m[rows:1][0m SELECT SCHEMA_NAME from Information_schema.SCHEMATA where SCHEMA_NAME LIKE 'simrs%' ORDER BY SCHEMA_NAME='simrs' DESC,SCHEMA_NAME limit 1

2026/07/09 14:00:37 [32mC:/Users/elnusaintegrated/simrs-golang/internal/database/database.go:33
[0m[33m[18.499ms] [34;1m[rows:-][0m SELECT count(*) FROM INFORMATION_SCHEMA.table_constraints WHERE constraint_schema = 'simrs' AND table_name = 'medical_records' AND constraint_name = 'fk_medical_records_doctor'

2026/07/09 14:00:37 [32mC:/Users/elnusaintegrated/simrs-golang/internal/database/database.go:33
[0m[33m[0.512ms] [34;1m[rows:-][0m SELECT DATABASE()

2026/07/09 14:00:37 [32mC:/Users/elnusaintegrated/simrs-golang/internal/database/database.go:33
[0m[33m[0.909ms] [34;1m[rows:1][0m SELECT SCHEMA_NAME from Information_schema.SCHEMATA where SCHEMA_NAME LIKE 'simrs%' ORDER BY SCHEMA_NAME='simrs' DESC,SCHEMA_NAME limit 1

2026/07/09 14:00:37 [32mC:/Users/elnusaintegrated/simrs-golang/internal/database/database.go:33
[0m[33m[1.650ms] [34;1m[rows:-][0m SELECT count(*) FROM INFORMATION_SCHEMA.table_constraints WHERE constraint_schema = 'simrs' AND table_name = 'medical_records' AND constraint_name = 'fk_medical_records_appointment'

2026/07/09 14:00:37 [32mC:/Users/elnusaintegrated/simrs-golang/internal/database/database.go:33
[0m[33m[0.608ms] [34;1m[rows:-][0m SELECT DATABASE()

2026/07/09 14:00:37 [32mC:/Users/elnusaintegrated/simrs-golang/internal/database/database.go:33
[0m[33m[1.115ms] [34;1m[rows:1][0m SELECT SCHEMA_NAME from Information_schema.SCHEMATA where SCHEMA_NAME LIKE 'simrs%' ORDER BY SCHEMA_NAME='simrs' DESC,SCHEMA_NAME limit 1

2026/07/09 14:00:37 [32mC:/Users/elnusaintegrated/simrs-golang/internal/database/database.go:33
[0m[33m[1.349ms] [34;1m[rows:-][0m SELECT count(*) FROM INFORMATION_SCHEMA.table_constraints WHERE constraint_schema = 'simrs' AND table_name = 'medical_records' AND constraint_name = 'fk_medical_records_patient'

2026/07/09 14:00:37 [32mC:/Users/elnusaintegrated/simrs-golang/internal/database/database.go:33
[0m[33m[0.513ms] [34;1m[rows:-][0m SELECT DATABASE()

2026/07/09 14:00:37 [32mC:/Users/elnusaintegrated/simrs-golang/internal/database/database.go:33
[0m[33m[1.042ms] [34;1m[rows:1][0m SELECT SCHEMA_NAME from Information_schema.SCHEMATA where SCHEMA_NAME LIKE 'simrs%' ORDER BY SCHEMA_NAME='simrs' DESC,SCHEMA_NAME limit 1

2026/07/09 14:00:37 [32mC:/Users/elnusaintegrated/simrs-golang/internal/database/database.go:33
[0m[33m[0.018ms] [34;1m[rows:-][0m SELECT count(*) FROM information_schema.statistics WHERE table_schema = 'simrs' AND table_name = 'medical_records' AND index_name = 'idx_medical_records_appointment_id'

2026/07/09 14:00:37 [32mC:/Users/elnusaintegrated/simrs-golang/internal/database/database.go:33
[0m[33m[0.512ms] [34;1m[rows:-][0m SELECT DATABASE()

2026/07/09 14:00:37 [32mC:/Users/elnusaintegrated/simrs-golang/internal/database/database.go:33
[0m[33m[1.051ms] [34;1m[rows:1][0m SELECT SCHEMA_NAME from Information_schema.SCHEMATA where SCHEMA_NAME LIKE 'simrs%' ORDER BY SCHEMA_NAME='simrs' DESC,SCHEMA_NAME limit 1

2026/07/09 14:00:37 [32mC:/Users/elnusaintegrated/simrs-golang/internal/database/database.go:33
[0m[33m[0.649ms] [34;1m[rows:-][0m SELECT count(*) FROM information_schema.statistics WHERE table_schema = 'simrs' AND table_name = 'medical_records' AND index_name = 'idx_medical_records_patient_id'

2026/07/09 14:00:37 [32mC:/Users/elnusaintegrated/simrs-golang/internal/database/database.go:33
[0m[33m[0.000ms] [34;1m[rows:-][0m SELECT DATABASE()

2026/07/09 14:00:37 [32mC:/Users/elnusaintegrated/simrs-golang/internal/database/database.go:33
[0m[33m[0.952ms] [34;1m[rows:1][0m SELECT SCHEMA_NAME from Information_schema.SCHEMATA where SCHEMA_NAME LIKE 'simrs%' ORDER BY SCHEMA_NAME='simrs' DESC,SCHEMA_NAME limit 1

2026/07/09 14:00:37 [32mC:/Users/elnusaintegrated/simrs-golang/internal/database/database.go:33
[0m[33m[0.595ms] [34;1m[rows:-][0m SELECT count(*) FROM information_schema.statistics WHERE table_schema = 'simrs' AND table_name = 'medical_records' AND index_name = 'idx_medical_records_doctor_id'

2026/07/09 14:00:37 [32mC:/Users/elnusaintegrated/simrs-golang/internal/database/database.go:33
[0m[33m[0.000ms] [34;1m[rows:-][0m SELECT DATABASE()

2026/07/09 14:00:37 [32mC:/Users/elnusaintegrated/simrs-golang/internal/database/database.go:33
[0m[33m[1.154ms] [34;1m[rows:1][0m SELECT SCHEMA_NAME from Information_schema.SCHEMATA where SCHEMA_NAME LIKE 'simrs%' ORDER BY SCHEMA_NAME='simrs' DESC,SCHEMA_NAME limit 1

2026/07/09 14:00:37 [32mC:/Users/elnusaintegrated/simrs-golang/internal/database/database.go:33
[0m[33m[0.535ms] [34;1m[rows:-][0m SELECT count(*) FROM information_schema.tables WHERE table_schema = 'simrs' AND table_name = 'medications' AND table_type = 'BASE TABLE'

2026/07/09 14:00:37 [32mC:/Users/elnusaintegrated/simrs-golang/internal/database/database.go:33
[0m[33m[0.518ms] [34;1m[rows:-][0m SELECT DATABASE()

2026/07/09 14:00:37 [32mC:/Users/elnusaintegrated/simrs-golang/internal/database/database.go:33
[0m[33m[0.507ms] [34;1m[rows:1][0m SELECT SCHEMA_NAME from Information_schema.SCHEMATA where SCHEMA_NAME LIKE 'simrs%' ORDER BY SCHEMA_NAME='simrs' DESC,SCHEMA_NAME limit 1

2026/07/09 14:00:37 [32mC:/Users/elnusaintegrated/simrs-golang/internal/database/database.go:33
[0m[33m[0.000ms] [34;1m[rows:-][0m SELECT * FROM `medications` LIMIT 1

2026/07/09 14:00:37 [32mC:/Users/elnusaintegrated/simrs-golang/internal/database/database.go:33
[0m[33m[4.506ms] [34;1m[rows:-][0m SELECT column_name, column_default, is_nullable = 'YES', data_type, character_maximum_length, column_type, column_key, extra, column_comment, numeric_precision, numeric_scale , datetime_precision FROM information_schema.columns WHERE table_schema = 'simrs' AND table_name = 'medications' ORDER BY ORDINAL_POSITION

2026/07/09 14:00:37 [32mC:/Users/elnusaintegrated/simrs-golang/internal/database/database.go:33
[0m[33m[6.995ms] [34;1m[rows:0][0m ALTER TABLE `medications` MODIFY COLUMN `is_active` boolean DEFAULT true

2026/07/09 14:00:37 [32mC:/Users/elnusaintegrated/simrs-golang/internal/database/database.go:33
[0m[33m[0.000ms] [34;1m[rows:-][0m SELECT DATABASE()

2026/07/09 14:00:37 [32mC:/Users/elnusaintegrated/simrs-golang/internal/database/database.go:33
[0m[33m[1.122ms] [34;1m[rows:1][0m SELECT SCHEMA_NAME from Information_schema.SCHEMATA where SCHEMA_NAME LIKE 'simrs%' ORDER BY SCHEMA_NAME='simrs' DESC,SCHEMA_NAME limit 1

2026/07/09 14:00:37 [32mC:/Users/elnusaintegrated/simrs-golang/internal/database/database.go:33
[0m[33m[1.171ms] [34;1m[rows:-][0m SELECT count(*) FROM information_schema.tables WHERE table_schema = 'simrs' AND table_name = 'medical_prescriptions' AND table_type = 'BASE TABLE'

2026/07/09 14:00:37 [32mC:/Users/elnusaintegrated/simrs-golang/internal/database/database.go:33
[0m[33m[0.513ms] [34;1m[rows:-][0m SELECT DATABASE()

2026/07/09 14:00:37 [32mC:/Users/elnusaintegrated/simrs-golang/internal/database/database.go:33
[0m[33m[1.100ms] [34;1m[rows:1][0m SELECT SCHEMA_NAME from Information_schema.SCHEMATA where SCHEMA_NAME LIKE 'simrs%' ORDER BY SCHEMA_NAME='simrs' DESC,SCHEMA_NAME limit 1

2026/07/09 14:00:37 [32mC:/Users/elnusaintegrated/simrs-golang/internal/database/database.go:33
[0m[33m[1.037ms] [34;1m[rows:-][0m SELECT * FROM `medical_prescriptions` LIMIT 1

2026/07/09 14:00:37 [32mC:/Users/elnusaintegrated/simrs-golang/internal/database/database.go:33
[0m[33m[7.071ms] [34;1m[rows:-][0m SELECT column_name, column_default, is_nullable = 'YES', data_type, character_maximum_length, column_type, column_key, extra, column_comment, numeric_precision, numeric_scale , datetime_precision FROM information_schema.columns WHERE table_schema = 'simrs' AND table_name = 'medical_prescriptions' ORDER BY ORDINAL_POSITION

2026/07/09 14:00:37 [32mC:/Users/elnusaintegrated/simrs-golang/internal/database/database.go:33
[0m[33m[0.518ms] [34;1m[rows:-][0m SELECT DATABASE()

2026/07/09 14:00:37 [32mC:/Users/elnusaintegrated/simrs-golang/internal/database/database.go:33
[0m[33m[1.394ms] [34;1m[rows:1][0m SELECT SCHEMA_NAME from Information_schema.SCHEMATA where SCHEMA_NAME LIKE 'simrs%' ORDER BY SCHEMA_NAME='simrs' DESC,SCHEMA_NAME limit 1

2026/07/09 14:00:37 [32mC:/Users/elnusaintegrated/simrs-golang/internal/database/database.go:33
[0m[33m[1.203ms] [34;1m[rows:-][0m SELECT count(*) FROM INFORMATION_SCHEMA.table_constraints WHERE constraint_schema = 'simrs' AND table_name = 'medical_prescriptions' AND constraint_name = 'fk_medical_prescriptions_medication'

2026/07/09 14:00:37 [32mC:/Users/elnusaintegrated/simrs-golang/internal/database/database.go:33
[0m[33m[0.000ms] [34;1m[rows:-][0m SELECT DATABASE()

2026/07/09 14:00:37 [32mC:/Users/elnusaintegrated/simrs-golang/internal/database/database.go:33
[0m[33m[0.976ms] [34;1m[rows:1][0m SELECT SCHEMA_NAME from Information_schema.SCHEMATA where SCHEMA_NAME LIKE 'simrs%' ORDER BY SCHEMA_NAME='simrs' DESC,SCHEMA_NAME limit 1

2026/07/09 14:00:37 [32mC:/Users/elnusaintegrated/simrs-golang/internal/database/database.go:33
[0m[33m[2.108ms] [34;1m[rows:-][0m SELECT count(*) FROM INFORMATION_SCHEMA.table_constraints WHERE constraint_schema = 'simrs' AND table_name = 'medical_prescriptions' AND constraint_name = 'fk_medical_records_prescriptions'

2026/07/09 14:00:37 [32mC:/Users/elnusaintegrated/simrs-golang/internal/database/database.go:33
[0m[33m[0.531ms] [34;1m[rows:-][0m SELECT DATABASE()

2026/07/09 14:00:37 [32mC:/Users/elnusaintegrated/simrs-golang/internal/database/database.go:33
[0m[33m[1.311ms] [34;1m[rows:1][0m SELECT SCHEMA_NAME from Information_schema.SCHEMATA where SCHEMA_NAME LIKE 'simrs%' ORDER BY SCHEMA_NAME='simrs' DESC,SCHEMA_NAME limit 1

2026/07/09 14:00:37 [32mC:/Users/elnusaintegrated/simrs-golang/internal/database/database.go:33
[0m[33m[0.532ms] [34;1m[rows:-][0m SELECT count(*) FROM information_schema.statistics WHERE table_schema = 'simrs' AND table_name = 'medical_prescriptions' AND index_name = 'idx_medical_prescriptions_medical_record_id'

2026/07/09 14:00:37 [32mC:/Users/elnusaintegrated/simrs-golang/internal/database/database.go:33
[0m[33m[0.000ms] [34;1m[rows:-][0m SELECT DATABASE()

2026/07/09 14:00:37 [32mC:/Users/elnusaintegrated/simrs-golang/internal/database/database.go:33
[0m[33m[1.070ms] [34;1m[rows:1][0m SELECT SCHEMA_NAME from Information_schema.SCHEMATA where SCHEMA_NAME LIKE 'simrs%' ORDER BY SCHEMA_NAME='simrs' DESC,SCHEMA_NAME limit 1

2026/07/09 14:00:37 [32mC:/Users/elnusaintegrated/simrs-golang/internal/database/database.go:33
[0m[33m[0.710ms] [34;1m[rows:-][0m SELECT count(*) FROM information_schema.tables WHERE table_schema = 'simrs' AND table_name = 'rooms' AND table_type = 'BASE TABLE'

2026/07/09 14:00:37 [32mC:/Users/elnusaintegrated/simrs-golang/internal/database/database.go:33
[0m[33m[0.000ms] [34;1m[rows:-][0m SELECT DATABASE()

2026/07/09 14:00:37 [32mC:/Users/elnusaintegrated/simrs-golang/internal/database/database.go:33
[0m[33m[0.875ms] [34;1m[rows:1][0m SELECT SCHEMA_NAME from Information_schema.SCHEMATA where SCHEMA_NAME LIKE 'simrs%' ORDER BY SCHEMA_NAME='simrs' DESC,SCHEMA_NAME limit 1

2026/07/09 14:00:37 [32mC:/Users/elnusaintegrated/simrs-golang/internal/database/database.go:33
[0m[33m[0.516ms] [34;1m[rows:-][0m SELECT * FROM `rooms` LIMIT 1

2026/07/09 14:00:37 [32mC:/Users/elnusaintegrated/simrs-golang/internal/database/database.go:33
[0m[33m[7.514ms] [34;1m[rows:-][0m SELECT column_name, column_default, is_nullable = 'YES', data_type, character_maximum_length, column_type, column_key, extra, column_comment, numeric_precision, numeric_scale , datetime_precision FROM information_schema.columns WHERE table_schema = 'simrs' AND table_name = 'rooms' ORDER BY ORDINAL_POSITION

2026/07/09 14:00:37 [32mC:/Users/elnusaintegrated/simrs-golang/internal/database/database.go:33
[0m[33m[0.000ms] [34;1m[rows:-][0m SELECT DATABASE()

2026/07/09 14:00:37 [32mC:/Users/elnusaintegrated/simrs-golang/internal/database/database.go:33
[0m[33m[1.642ms] [34;1m[rows:1][0m SELECT SCHEMA_NAME from Information_schema.SCHEMATA where SCHEMA_NAME LIKE 'simrs%' ORDER BY SCHEMA_NAME='simrs' DESC,SCHEMA_NAME limit 1

2026/07/09 14:00:37 [32mC:/Users/elnusaintegrated/simrs-golang/internal/database/database.go:33
[0m[33m[0.514ms] [34;1m[rows:-][0m SELECT count(*) FROM information_schema.statistics WHERE table_schema = 'simrs' AND table_name = 'rooms' AND index_name = 'idx_rooms_number'

2026/07/09 14:00:37 [32mC:/Users/elnusaintegrated/simrs-golang/internal/database/database.go:33
[0m[33m[0.531ms] [34;1m[rows:-][0m SELECT DATABASE()

2026/07/09 14:00:37 [32mC:/Users/elnusaintegrated/simrs-golang/internal/database/database.go:33
[0m[33m[1.336ms] [34;1m[rows:1][0m SELECT SCHEMA_NAME from Information_schema.SCHEMATA where SCHEMA_NAME LIKE 'simrs%' ORDER BY SCHEMA_NAME='simrs' DESC,SCHEMA_NAME limit 1

2026/07/09 14:00:37 [32mC:/Users/elnusaintegrated/simrs-golang/internal/database/database.go:33
[0m[33m[0.513ms] [34;1m[rows:-][0m SELECT count(*) FROM information_schema.tables WHERE table_schema = 'simrs' AND table_name = 'inpatients' AND table_type = 'BASE TABLE'

2026/07/09 14:00:37 [32mC:/Users/elnusaintegrated/simrs-golang/internal/database/database.go:33
[0m[33m[0.000ms] [34;1m[rows:-][0m SELECT DATABASE()

2026/07/09 14:00:37 [32mC:/Users/elnusaintegrated/simrs-golang/internal/database/database.go:33
[0m[33m[0.998ms] [34;1m[rows:1][0m SELECT SCHEMA_NAME from Information_schema.SCHEMATA where SCHEMA_NAME LIKE 'simrs%' ORDER BY SCHEMA_NAME='simrs' DESC,SCHEMA_NAME limit 1

2026/07/09 14:00:37 [32mC:/Users/elnusaintegrated/simrs-golang/internal/database/database.go:33
[0m[33m[1.000ms] [34;1m[rows:-][0m SELECT * FROM `inpatients` LIMIT 1

2026/07/09 14:00:37 [32mC:/Users/elnusaintegrated/simrs-golang/internal/database/database.go:33
[0m[33m[5.998ms] [34;1m[rows:-][0m SELECT column_name, column_default, is_nullable = 'YES', data_type, character_maximum_length, column_type, column_key, extra, column_comment, numeric_precision, numeric_scale , datetime_precision FROM information_schema.columns WHERE table_schema = 'simrs' AND table_name = 'inpatients' ORDER BY ORDINAL_POSITION

2026/07/09 14:00:37 [32mC:/Users/elnusaintegrated/simrs-golang/internal/database/database.go:33
[0m[33m[0.000ms] [34;1m[rows:-][0m SELECT DATABASE()

2026/07/09 14:00:37 [32mC:/Users/elnusaintegrated/simrs-golang/internal/database/database.go:33
[0m[33m[1.079ms] [34;1m[rows:1][0m SELECT SCHEMA_NAME from Information_schema.SCHEMATA where SCHEMA_NAME LIKE 'simrs%' ORDER BY SCHEMA_NAME='simrs' DESC,SCHEMA_NAME limit 1

2026/07/09 14:00:37 [32mC:/Users/elnusaintegrated/simrs-golang/internal/database/database.go:33
[0m[33m[1.510ms] [34;1m[rows:-][0m SELECT count(*) FROM INFORMATION_SCHEMA.table_constraints WHERE constraint_schema = 'simrs' AND table_name = 'inpatients' AND constraint_name = 'fk_inpatients_patient'

2026/07/09 14:00:37 [32mC:/Users/elnusaintegrated/simrs-golang/internal/database/database.go:33
[0m[33m[0.524ms] [34;1m[rows:-][0m SELECT DATABASE()

2026/07/09 14:00:37 [32mC:/Users/elnusaintegrated/simrs-golang/internal/database/database.go:33
[0m[33m[1.300ms] [34;1m[rows:1][0m SELECT SCHEMA_NAME from Information_schema.SCHEMATA where SCHEMA_NAME LIKE 'simrs%' ORDER BY SCHEMA_NAME='simrs' DESC,SCHEMA_NAME limit 1

2026/07/09 14:00:37 [32mC:/Users/elnusaintegrated/simrs-golang/internal/database/database.go:33
[0m[33m[0.510ms] [34;1m[rows:-][0m SELECT count(*) FROM INFORMATION_SCHEMA.table_constraints WHERE constraint_schema = 'simrs' AND table_name = 'inpatients' AND constraint_name = 'fk_inpatients_doctor'

2026/07/09 14:00:37 [32mC:/Users/elnusaintegrated/simrs-golang/internal/database/database.go:33
[0m[33m[0.513ms] [34;1m[rows:-][0m SELECT DATABASE()

2026/07/09 14:00:37 [32mC:/Users/elnusaintegrated/simrs-golang/internal/database/database.go:33
[0m[33m[1.198ms] [34;1m[rows:1][0m SELECT SCHEMA_NAME from Information_schema.SCHEMATA where SCHEMA_NAME LIKE 'simrs%' ORDER BY SCHEMA_NAME='simrs' DESC,SCHEMA_NAME limit 1

2026/07/09 14:00:37 [32mC:/Users/elnusaintegrated/simrs-golang/internal/database/database.go:33
[0m[33m[2.252ms] [34;1m[rows:-][0m SELECT count(*) FROM INFORMATION_SCHEMA.table_constraints WHERE constraint_schema = 'simrs' AND table_name = 'inpatients' AND constraint_name = 'fk_inpatients_room'

2026/07/09 14:00:37 [32mC:/Users/elnusaintegrated/simrs-golang/internal/database/database.go:33
[0m[33m[0.625ms] [34;1m[rows:-][0m SELECT DATABASE()

2026/07/09 14:00:37 [32mC:/Users/elnusaintegrated/simrs-golang/internal/database/database.go:33
[0m[33m[1.139ms] [34;1m[rows:1][0m SELECT SCHEMA_NAME from Information_schema.SCHEMATA where SCHEMA_NAME LIKE 'simrs%' ORDER BY SCHEMA_NAME='simrs' DESC,SCHEMA_NAME limit 1

2026/07/09 14:00:37 [32mC:/Users/elnusaintegrated/simrs-golang/internal/database/database.go:33
[0m[33m[0.640ms] [34;1m[rows:-][0m SELECT count(*) FROM information_schema.statistics WHERE table_schema = 'simrs' AND table_name = 'inpatients' AND index_name = 'idx_inpatients_room_id'

2026/07/09 14:00:37 [32mC:/Users/elnusaintegrated/simrs-golang/internal/database/database.go:33
[0m[33m[0.000ms] [34;1m[rows:-][0m SELECT DATABASE()

2026/07/09 14:00:37 [32mC:/Users/elnusaintegrated/simrs-golang/internal/database/database.go:33
[0m[33m[1.290ms] [34;1m[rows:1][0m SELECT SCHEMA_NAME from Information_schema.SCHEMATA where SCHEMA_NAME LIKE 'simrs%' ORDER BY SCHEMA_NAME='simrs' DESC,SCHEMA_NAME limit 1

2026/07/09 14:00:37 [32mC:/Users/elnusaintegrated/simrs-golang/internal/database/database.go:33
[0m[33m[0.630ms] [34;1m[rows:-][0m SELECT count(*) FROM information_schema.statistics WHERE table_schema = 'simrs' AND table_name = 'inpatients' AND index_name = 'idx_inpatients_patient_id'

2026/07/09 14:00:37 [32mC:/Users/elnusaintegrated/simrs-golang/internal/database/database.go:33
[0m[33m[0.000ms] [34;1m[rows:-][0m SELECT DATABASE()

2026/07/09 14:00:37 [32mC:/Users/elnusaintegrated/simrs-golang/internal/database/database.go:33
[0m[33m[1.295ms] [34;1m[rows:1][0m SELECT SCHEMA_NAME from Information_schema.SCHEMATA where SCHEMA_NAME LIKE 'simrs%' ORDER BY SCHEMA_NAME='simrs' DESC,SCHEMA_NAME limit 1

2026/07/09 14:00:37 [32mC:/Users/elnusaintegrated/simrs-golang/internal/database/database.go:33
[0m[33m[0.514ms] [34;1m[rows:-][0m SELECT count(*) FROM information_schema.statistics WHERE table_schema = 'simrs' AND table_name = 'inpatients' AND index_name = 'idx_inpatients_doctor_id'

2026/07/09 14:00:37 [32mC:/Users/elnusaintegrated/simrs-golang/internal/database/database.go:33
[0m[33m[0.000ms] [34;1m[rows:-][0m SELECT DATABASE()

2026/07/09 14:00:37 [32mC:/Users/elnusaintegrated/simrs-golang/internal/database/database.go:33
[0m[33m[1.008ms] [34;1m[rows:1][0m SELECT SCHEMA_NAME from Information_schema.SCHEMATA where SCHEMA_NAME LIKE 'simrs%' ORDER BY SCHEMA_NAME='simrs' DESC,SCHEMA_NAME limit 1

2026/07/09 14:00:37 [32mC:/Users/elnusaintegrated/simrs-golang/internal/database/database.go:33
[0m[33m[1.149ms] [34;1m[rows:-][0m SELECT count(*) FROM information_schema.tables WHERE table_schema = 'simrs' AND table_name = 'billings' AND table_type = 'BASE TABLE'

2026/07/09 14:00:37 [32mC:/Users/elnusaintegrated/simrs-golang/internal/database/database.go:33
[0m[33m[0.536ms] [34;1m[rows:-][0m SELECT DATABASE()

2026/07/09 14:00:37 [32mC:/Users/elnusaintegrated/simrs-golang/internal/database/database.go:33
[0m[33m[1.356ms] [34;1m[rows:1][0m SELECT SCHEMA_NAME from Information_schema.SCHEMATA where SCHEMA_NAME LIKE 'simrs%' ORDER BY SCHEMA_NAME='simrs' DESC,SCHEMA_NAME limit 1

2026/07/09 14:00:37 [32mC:/Users/elnusaintegrated/simrs-golang/internal/database/database.go:33
[0m[33m[0.534ms] [34;1m[rows:-][0m SELECT * FROM `billings` LIMIT 1

2026/07/09 14:00:37 [32mC:/Users/elnusaintegrated/simrs-golang/internal/database/database.go:33
[0m[33m[12.120ms] [34;1m[rows:-][0m SELECT column_name, column_default, is_nullable = 'YES', data_type, character_maximum_length, column_type, column_key, extra, column_comment, numeric_precision, numeric_scale , datetime_precision FROM information_schema.columns WHERE table_schema = 'simrs' AND table_name = 'billings' ORDER BY ORDINAL_POSITION

2026/07/09 14:00:37 [32mC:/Users/elnusaintegrated/simrs-golang/internal/database/database.go:33
[0m[33m[0.000ms] [34;1m[rows:-][0m SELECT DATABASE()

2026/07/09 14:00:37 [32mC:/Users/elnusaintegrated/simrs-golang/internal/database/database.go:33
[0m[33m[3.926ms] [34;1m[rows:1][0m SELECT SCHEMA_NAME from Information_schema.SCHEMATA where SCHEMA_NAME LIKE 'simrs%' ORDER BY SCHEMA_NAME='simrs' DESC,SCHEMA_NAME limit 1

2026/07/09 14:00:37 [32mC:/Users/elnusaintegrated/simrs-golang/internal/database/database.go:33
[0m[33m[5.507ms] [34;1m[rows:-][0m SELECT count(*) FROM INFORMATION_SCHEMA.table_constraints WHERE constraint_schema = 'simrs' AND table_name = 'billings' AND constraint_name = 'fk_billings_patient'

2026/07/09 14:00:37 [32mC:/Users/elnusaintegrated/simrs-golang/internal/database/database.go:33
[0m[33m[0.513ms] [34;1m[rows:-][0m SELECT DATABASE()

2026/07/09 14:00:37 [32mC:/Users/elnusaintegrated/simrs-golang/internal/database/database.go:33
[0m[33m[1.319ms] [34;1m[rows:1][0m SELECT SCHEMA_NAME from Information_schema.SCHEMATA where SCHEMA_NAME LIKE 'simrs%' ORDER BY SCHEMA_NAME='simrs' DESC,SCHEMA_NAME limit 1

2026/07/09 14:00:37 [32mC:/Users/elnusaintegrated/simrs-golang/internal/database/database.go:33
[0m[33m[1.639ms] [34;1m[rows:-][0m SELECT count(*) FROM INFORMATION_SCHEMA.table_constraints WHERE constraint_schema = 'simrs' AND table_name = 'billings' AND constraint_name = 'fk_billings_appointment'

2026/07/09 14:00:37 [32mC:/Users/elnusaintegrated/simrs-golang/internal/database/database.go:33
[0m[33m[0.511ms] [34;1m[rows:-][0m SELECT DATABASE()

2026/07/09 14:00:37 [32mC:/Users/elnusaintegrated/simrs-golang/internal/database/database.go:33
[0m[33m[1.245ms] [34;1m[rows:1][0m SELECT SCHEMA_NAME from Information_schema.SCHEMATA where SCHEMA_NAME LIKE 'simrs%' ORDER BY SCHEMA_NAME='simrs' DESC,SCHEMA_NAME limit 1

2026/07/09 14:00:37 [32mC:/Users/elnusaintegrated/simrs-golang/internal/database/database.go:33
[0m[33m[2.036ms] [34;1m[rows:-][0m SELECT count(*) FROM INFORMATION_SCHEMA.table_constraints WHERE constraint_schema = 'simrs' AND table_name = 'billings' AND constraint_name = 'fk_billings_inpatient'

2026/07/09 14:00:37 [32mC:/Users/elnusaintegrated/simrs-golang/internal/database/database.go:33
[0m[33m[0.000ms] [34;1m[rows:-][0m SELECT DATABASE()

2026/07/09 14:00:37 [32mC:/Users/elnusaintegrated/simrs-golang/internal/database/database.go:33
[0m[33m[1.041ms] [34;1m[rows:1][0m SELECT SCHEMA_NAME from Information_schema.SCHEMATA where SCHEMA_NAME LIKE 'simrs%' ORDER BY SCHEMA_NAME='simrs' DESC,SCHEMA_NAME limit 1

2026/07/09 14:00:37 [32mC:/Users/elnusaintegrated/simrs-golang/internal/database/database.go:33
[0m[33m[0.514ms] [34;1m[rows:-][0m SELECT count(*) FROM information_schema.statistics WHERE table_schema = 'simrs' AND table_name = 'billings' AND index_name = 'idx_billings_invoice_number'

2026/07/09 14:00:37 [32mC:/Users/elnusaintegrated/simrs-golang/internal/database/database.go:33
[0m[33m[0.530ms] [34;1m[rows:-][0m SELECT DATABASE()

2026/07/09 14:00:37 [32mC:/Users/elnusaintegrated/simrs-golang/internal/database/database.go:33
[0m[33m[1.130ms] [34;1m[rows:1][0m SELECT SCHEMA_NAME from Information_schema.SCHEMATA where SCHEMA_NAME LIKE 'simrs%' ORDER BY SCHEMA_NAME='simrs' DESC,SCHEMA_NAME limit 1

2026/07/09 14:00:37 [32mC:/Users/elnusaintegrated/simrs-golang/internal/database/database.go:33
[0m[33m[0.908ms] [34;1m[rows:-][0m SELECT count(*) FROM information_schema.statistics WHERE table_schema = 'simrs' AND table_name = 'billings' AND index_name = 'idx_billings_patient_id'

2026/07/09 14:00:37 [32mC:/Users/elnusaintegrated/simrs-golang/internal/database/database.go:33
[0m[33m[0.000ms] [34;1m[rows:-][0m SELECT DATABASE()

2026/07/09 14:00:37 [32mC:/Users/elnusaintegrated/simrs-golang/internal/database/database.go:33
[0m[33m[0.921ms] [34;1m[rows:1][0m SELECT SCHEMA_NAME from Information_schema.SCHEMATA where SCHEMA_NAME LIKE 'simrs%' ORDER BY SCHEMA_NAME='simrs' DESC,SCHEMA_NAME limit 1

2026/07/09 14:00:37 [32mC:/Users/elnusaintegrated/simrs-golang/internal/database/database.go:33
[0m[33m[0.634ms] [34;1m[rows:-][0m SELECT count(*) FROM information_schema.statistics WHERE table_schema = 'simrs' AND table_name = 'billings' AND index_name = 'idx_billings_appointment_id'

2026/07/09 14:00:37 [32mC:/Users/elnusaintegrated/simrs-golang/internal/database/database.go:33
[0m[33m[0.000ms] [34;1m[rows:-][0m SELECT DATABASE()

2026/07/09 14:00:37 [32mC:/Users/elnusaintegrated/simrs-golang/internal/database/database.go:33
[0m[33m[0.814ms] [34;1m[rows:1][0m SELECT SCHEMA_NAME from Information_schema.SCHEMATA where SCHEMA_NAME LIKE 'simrs%' ORDER BY SCHEMA_NAME='simrs' DESC,SCHEMA_NAME limit 1

2026/07/09 14:00:37 [32mC:/Users/elnusaintegrated/simrs-golang/internal/database/database.go:33
[0m[33m[0.512ms] [34;1m[rows:-][0m SELECT count(*) FROM information_schema.statistics WHERE table_schema = 'simrs' AND table_name = 'billings' AND index_name = 'idx_billings_inpatient_id'

2026/07/09 14:00:37 [32mC:/Users/elnusaintegrated/simrs-golang/internal/database/database.go:33
[0m[33m[0.517ms] [34;1m[rows:-][0m SELECT DATABASE()

2026/07/09 14:00:37 [32mC:/Users/elnusaintegrated/simrs-golang/internal/database/database.go:33
[0m[33m[0.944ms] [34;1m[rows:1][0m SELECT SCHEMA_NAME from Information_schema.SCHEMATA where SCHEMA_NAME LIKE 'simrs%' ORDER BY SCHEMA_NAME='simrs' DESC,SCHEMA_NAME limit 1

2026/07/09 14:00:37 [32mC:/Users/elnusaintegrated/simrs-golang/internal/database/database.go:33
[0m[33m[1.204ms] [34;1m[rows:-][0m SELECT count(*) FROM information_schema.tables WHERE table_schema = 'simrs' AND table_name = 'billing_items' AND table_type = 'BASE TABLE'

2026/07/09 14:00:37 [32mC:/Users/elnusaintegrated/simrs-golang/internal/database/database.go:33
[0m[33m[0.000ms] [34;1m[rows:-][0m SELECT DATABASE()

2026/07/09 14:00:37 [32mC:/Users/elnusaintegrated/simrs-golang/internal/database/database.go:33
[0m[33m[1.187ms] [34;1m[rows:1][0m SELECT SCHEMA_NAME from Information_schema.SCHEMATA where SCHEMA_NAME LIKE 'simrs%' ORDER BY SCHEMA_NAME='simrs' DESC,SCHEMA_NAME limit 1

2026/07/09 14:00:37 [32mC:/Users/elnusaintegrated/simrs-golang/internal/database/database.go:33
[0m[33m[0.514ms] [34;1m[rows:-][0m SELECT * FROM `billing_items` LIMIT 1

2026/07/09 14:00:37 [32mC:/Users/elnusaintegrated/simrs-golang/internal/database/database.go:33
[0m[33m[7.042ms] [34;1m[rows:-][0m SELECT column_name, column_default, is_nullable = 'YES', data_type, character_maximum_length, column_type, column_key, extra, column_comment, numeric_precision, numeric_scale , datetime_precision FROM information_schema.columns WHERE table_schema = 'simrs' AND table_name = 'billing_items' ORDER BY ORDINAL_POSITION

2026/07/09 14:00:37 [32mC:/Users/elnusaintegrated/simrs-golang/internal/database/database.go:33
[0m[33m[0.512ms] [34;1m[rows:-][0m SELECT DATABASE()

2026/07/09 14:00:37 [32mC:/Users/elnusaintegrated/simrs-golang/internal/database/database.go:33
[0m[33m[1.357ms] [34;1m[rows:1][0m SELECT SCHEMA_NAME from Information_schema.SCHEMATA where SCHEMA_NAME LIKE 'simrs%' ORDER BY SCHEMA_NAME='simrs' DESC,SCHEMA_NAME limit 1

2026/07/09 14:00:37 [32mC:/Users/elnusaintegrated/simrs-golang/internal/database/database.go:33
[0m[33m[1.196ms] [34;1m[rows:-][0m SELECT count(*) FROM INFORMATION_SCHEMA.table_constraints WHERE constraint_schema = 'simrs' AND table_name = 'billing_items' AND constraint_name = 'fk_billings_items'

2026/07/09 14:00:37 [32mC:/Users/elnusaintegrated/simrs-golang/internal/database/database.go:33
[0m[33m[0.018ms] [34;1m[rows:-][0m SELECT DATABASE()

2026/07/09 14:00:37 [32mC:/Users/elnusaintegrated/simrs-golang/internal/database/database.go:33
[0m[33m[0.985ms] [34;1m[rows:1][0m SELECT SCHEMA_NAME from Information_schema.SCHEMATA where SCHEMA_NAME LIKE 'simrs%' ORDER BY SCHEMA_NAME='simrs' DESC,SCHEMA_NAME limit 1

2026/07/09 14:00:37 [32mC:/Users/elnusaintegrated/simrs-golang/internal/database/database.go:33
[0m[33m[0.681ms] [34;1m[rows:-][0m SELECT count(*) FROM information_schema.statistics WHERE table_schema = 'simrs' AND table_name = 'billing_items' AND index_name = 'idx_billing_items_billing_id'

2026/07/09 14:00:37 [32mC:/Users/elnusaintegrated/simrs-golang/internal/database/database.go:58
[0m[33m[0.000ms] [34;1m[rows:1][0m SELECT count(*) FROM `departments`
[GIN-debug] [WARNING] Creating an Engine instance with the Logger and Recovery middleware already attached.

[GIN-debug] [WARNING] Running in "debug" mode. Switch to "release" mode in production.
 - using env:	export GIN_MODE=release
 - using code:	gin.SetMode(gin.ReleaseMode)

[GIN-debug] GET    /health                   --> main.main.func1 (4 handlers)
[GIN-debug] POST   /api/v1/auth/login        --> simrs-golang/internal/handlers.(*AuthHandler).Login-fm (4 handlers)
[GIN-debug] GET    /api/v1/profile           --> simrs-golang/internal/handlers.(*AuthHandler).GetProfile-fm (5 handlers)
[GIN-debug] GET    /api/v1/departments       --> simrs-golang/internal/handlers.(*DepartmentHandler).GetAll-fm (5 handlers)
[GIN-debug] GET    /api/v1/dashboard         --> simrs-golang/internal/handlers.(*DashboardHandler).GetDashboard-fm (5 handlers)
[GIN-debug] GET    /api/v1/patients          --> simrs-golang/internal/handlers.(*PatientHandler).GetAll-fm (5 handlers)
[GIN-debug] GET    /api/v1/patients/:id      --> simrs-golang/internal/handlers.(*PatientHandler).GetByID-fm (5 handlers)
[GIN-debug] POST   /api/v1/patients          --> simrs-golang/internal/handlers.(*PatientHandler).Create-fm (6 handlers)
[GIN-debug] PUT    /api/v1/patients/:id      --> simrs-golang/internal/handlers.(*PatientHandler).Update-fm (6 handlers)
[GIN-debug] DELETE /api/v1/patients/:id      --> simrs-golang/internal/handlers.(*PatientHandler).Delete-fm (6 handlers)
[GIN-debug] GET    /api/v1/doctors           --> simrs-golang/internal/handlers.(*DoctorHandler).GetAll-fm (5 handlers)
[GIN-debug] GET    /api/v1/doctors/available --> simrs-golang/internal/handlers.(*DoctorHandler).GetAvailable-fm (5 handlers)
[GIN-debug] GET    /api/v1/doctors/:id       --> simrs-golang/internal/handlers.(*DoctorHandler).GetByID-fm (5 handlers)
[GIN-debug] GET    /api/v1/doctors/department/:deptId --> simrs-golang/internal/handlers.(*DoctorHandler).GetByDepartment-fm (5 handlers)
[GIN-debug] POST   /api/v1/doctors           --> simrs-golang/internal/handlers.(*DoctorHandler).Create-fm (6 handlers)
[GIN-debug] DELETE /api/v1/doctors/:id       --> simrs-golang/internal/handlers.(*DoctorHandler).Delete-fm (6 handlers)
[GIN-debug] POST   /api/v1/doctors/schedules --> simrs-golang/internal/handlers.(*DoctorHandler).AddSchedule-fm (6 handlers)
[GIN-debug] GET    /api/v1/doctors/:id/schedules --> simrs-golang/internal/handlers.(*DoctorHandler).GetSchedules-fm (5 handlers)
[GIN-debug] GET    /api/v1/appointments      --> simrs-golang/internal/handlers.(*AppointmentHandler).GetAll-fm (5 handlers)
[GIN-debug] GET    /api/v1/appointments/:id  --> simrs-golang/internal/handlers.(*AppointmentHandler).GetByID-fm (5 handlers)
[GIN-debug] GET    /api/v1/appointments/patient/:patientId --> simrs-golang/internal/handlers.(*AppointmentHandler).GetByPatient-fm (5 handlers)
[GIN-debug] GET    /api/v1/appointments/doctor/:doctorId --> simrs-golang/internal/handlers.(*AppointmentHandler).GetByDoctor-fm (5 handlers)
[GIN-debug] POST   /api/v1/appointments      --> simrs-golang/internal/handlers.(*AppointmentHandler).Create-fm (5 handlers)
[GIN-debug] PATCH  /api/v1/appointments/:id/status --> simrs-golang/internal/handlers.(*AppointmentHandler).UpdateStatus-fm (5 handlers)
[GIN-debug] GET    /api/v1/medical-records   --> simrs-golang/internal/handlers.(*MedicalRecordHandler).GetAll-fm (5 handlers)
[GIN-debug] GET    /api/v1/medical-records/:id --> simrs-golang/internal/handlers.(*MedicalRecordHandler).GetByID-fm (5 handlers)
[GIN-debug] GET    /api/v1/medical-records/patient/:patientId --> simrs-golang/internal/handlers.(*MedicalRecordHandler).GetByPatient-fm (5 handlers)
[GIN-debug] POST   /api/v1/medical-records   --> simrs-golang/internal/handlers.(*MedicalRecordHandler).Create-fm (6 handlers)
[GIN-debug] POST   /api/v1/medical-records/:id/prescriptions --> simrs-golang/internal/handlers.(*MedicalRecordHandler).AddPrescription-fm (6 handlers)
[GIN-debug] GET    /api/v1/medications       --> simrs-golang/internal/handlers.(*MedicationHandler).GetAll-fm (5 handlers)
[GIN-debug] GET    /api/v1/medications/:id   --> simrs-golang/internal/handlers.(*MedicationHandler).GetByID-fm (5 handlers)
[GIN-debug] POST   /api/v1/medications       --> simrs-golang/internal/handlers.(*MedicationHandler).Create-fm (6 handlers)
[GIN-debug] PUT    /api/v1/medications/:id   --> simrs-golang/internal/handlers.(*MedicationHandler).Update-fm (6 handlers)
[GIN-debug] DELETE /api/v1/medications/:id   --> simrs-golang/internal/handlers.(*MedicationHandler).Delete-fm (6 handlers)
[GIN-debug] GET    /api/v1/billings          --> simrs-golang/internal/handlers.(*BillingHandler).GetAll-fm (5 handlers)
[GIN-debug] GET    /api/v1/billings/:id      --> simrs-golang/internal/handlers.(*BillingHandler).GetByID-fm (5 handlers)
[GIN-debug] GET    /api/v1/billings/patient/:patientId --> simrs-golang/internal/handlers.(*BillingHandler).GetByPatient-fm (5 handlers)
[GIN-debug] POST   /api/v1/billings          --> simrs-golang/internal/handlers.(*BillingHandler).Create-fm (5 handlers)
[GIN-debug] POST   /api/v1/billings/:id/pay  --> simrs-golang/internal/handlers.(*BillingHandler).Pay-fm (5 handlers)
[GIN-debug] GET    /api/v1/rooms             --> simrs-golang/internal/handlers.(*RoomHandler).GetAll-fm (5 handlers)
[GIN-debug] GET    /api/v1/rooms/available   --> simrs-golang/internal/handlers.(*RoomHandler).GetAvailable-fm (5 handlers)
[GIN-debug] GET    /api/v1/inpatients/active --> simrs-golang/internal/handlers.(*RoomHandler).GetActiveInpatients-fm (5 handlers)
[GIN-debug] GET    /api/v1/inpatients/:id    --> simrs-golang/internal/handlers.(*RoomHandler).GetInpatientByID-fm (5 handlers)
[GIN-debug] POST   /api/v1/inpatients/admit  --> simrs-golang/internal/handlers.(*RoomHandler).AdmitPatient-fm (6 handlers)
[GIN-debug] POST   /api/v1/inpatients/:id/discharge --> simrs-golang/internal/handlers.(*RoomHandler).DischargePatient-fm (6 handlers)
[GIN-debug] [WARNING] You trusted all proxies, this is NOT safe. We recommend you to set a value.
Please check https://pkg.go.dev/github.com/gin-gonic/gin#readme-don-t-trust-all-proxies for details.
[GIN-debug] Listening and serving HTTP on :8080
